# JRE version: OpenJDK Runtime Environment Temurin-21.0.7+6 (21.0.7+6) (build 21.0.7+6-LTS)
# Java VM: OpenJDK 64-Bit Server VM Temurin-21.0.7+6 (21.0.7+6-LTS, mixed mode, sharing, tiered, compressed oops, compressed class ptrs, parallel gc, windows-amd64)
GC Precious Log:
 CardTable entry size: 512
 CPUs: 2 total, 2 available
 Memory: 1884M
 Large Page Support: Disabled
 NUMA Support: Disabled
 Compressed Oops: Enabled (32-bit)
 Alignments: Space 512K, Generation 512K, Heap 2M
 Heap Min Capacity: 100M
 Heap Initial Capacity: 100M
 Heap Max Capacity: 1G
 Pre-touch: Disabled
 Parallel Workers: 2
Heap:
 PSYoungGen      total 2048K, used 1952K [0x00000000eab00000, 0x00000000eae80000, 0x0000000100000000)
  eden space 1536K, 100% used [0x00000000eab00000,0x00000000eac80000,0x00000000eac80000)
  from space 512K, 81% used [0x00000000eae00000,0x00000000eae68000,0x00000000eae80000)
  to   space 512K, 94% used [0x00000000ead80000,0x00000000eadf8c10,0x00000000eae00000)
 ParOldGen       total 606720K, used 606491K [0x00000000c0000000, 0x00000000e5080000, 0x00000000eab00000)
  object space 606720K, 99% used [0x00000000c0000000,0x00000000e5046f80,0x00000000e5080000)
 Metaspace       used 70399K, committed 71872K, reserved 1114112K
  class space    used 7285K, committed 8000K, reserved 1048576K
GC Heap History (20 events):
Event: 468.477 GC heap before
{Heap before GC invocations=699 (full 3):
 PSYoungGen      total 2048K, used 1984K [0x00000000eab00000, 0x00000000eae00000, 0x0000000100000000)
  eden space 1536K, 100% used [0x00000000eab00000,0x00000000eac80000,0x00000000eac80000)
  from space 512K, 87% used [0x00000000ead00000,0x00000000ead70000,0x00000000ead80000)
  to   space 512K, 0% used [0x00000000ead80000,0x00000000ead80000,0x00000000eae00000)
 ParOldGen       total 597504K, used 597446K [0x00000000c0000000, 0x00000000e4780000, 0x00000000eab00000)
  object space 597504K, 99% used [0x00000000c0000000,0x00000000e47719b0,0x00000000e4780000)
 Metaspace       used 70376K, committed 71872K, reserved 1114112K
  class space    used 7284K, committed 8000K, reserved 1048576K
}
Event: 468.486 GC heap after
{Heap after GC invocations=699 (full 3):
 PSYoungGen      total 1024K, used 481K [0x00000000eab00000, 0x00000000eb180000, 0x0000000100000000)
  eden space 512K, 0% used [0x00000000eab00000,0x00000000eab00000,0x00000000eab80000)
  from space 512K, 94% used [0x00000000ead80000,0x00000000eadf8608,0x00000000eae00000)
  to   space 2048K, 0% used [0x00000000eab80000,0x00000000eab80000,0x00000000ead80000)
 ParOldGen       total 599040K, used 598845K [0x00000000c0000000, 0x00000000e4900000, 0x00000000eab00000)
  object space 599040K, 99% used [0x00000000c0000000,0x00000000e48cf448,0x00000000e4900000)
 Metaspace       used 70376K, committed 71872K, reserved 1114112K
  class space    used 7284K, committed 8000K, reserved 1048576K
}
Event: 468.501 GC heap before
{Heap before GC invocations=700 (full 3):
 PSYoungGen      total 1024K, used 993K [0x00000000eab00000, 0x00000000eb180000, 0x0000000100000000)
  eden space 512K, 100% used [0x00000000eab00000,0x00000000eab80000,0x00000000eab80000)
  from space 512K, 94% used [0x00000000ead80000,0x00000000eadf8608,0x00000000eae00000)
  to   space 2048K, 0% used [0x00000000eab80000,0x00000000eab80000,0x00000000ead80000)
 ParOldGen       total 599040K, used 598845K [0x00000000c0000000, 0x00000000e4900000, 0x00000000eab00000)
  object space 599040K, 99% used [0x00000000c0000000,0x00000000e48cf448,0x00000000e4900000)
 Metaspace       used 70376K, committed 71872K, reserved 1114112K
  class space    used 7284K, committed 8000K, reserved 1048576K
}
Event: 468.506 GC heap after
{Heap after GC invocations=700 (full 3):
 PSYoungGen      total 1024K, used 480K [0x00000000eab00000, 0x00000000eae00000, 0x0000000100000000)
  eden space 512K, 0% used [0x00000000eab00000,0x00000000eab00000,0x00000000eab80000)
  from space 512K, 93% used [0x00000000eab80000,0x00000000eabf8000,0x00000000eac00000)
  to   space 1024K, 0% used [0x00000000ead00000,0x00000000ead00000,0x00000000eae00000)
 ParOldGen       total 599552K, used 599302K [0x00000000c0000000, 0x00000000e4980000, 0x00000000eab00000)
  object space 599552K, 99% used [0x00000000c0000000,0x00000000e4941a50,0x00000000e4980000)
 Metaspace       used 70376K, committed 71872K, reserved 1114112K
  class space    used 7284K, committed 8000K, reserved 1048576K
}
Event: 468.513 GC heap before
{Heap before GC invocations=701 (full 3):
 PSYoungGen      total 1024K, used 992K [0x00000000eab00000, 0x00000000eae00000, 0x0000000100000000)
  eden space 512K, 100% used [0x00000000eab00000,0x00000000eab80000,0x00000000eab80000)
  from space 512K, 93% used [0x00000000eab80000,0x00000000eabf8000,0x00000000eac00000)
  to   space 1024K, 0% used [0x00000000ead00000,0x00000000ead00000,0x00000000eae00000)
 ParOldGen       total 599552K, used 599302K [0x00000000c0000000, 0x00000000e4980000, 0x00000000eab00000)
  object space 599552K, 99% used [0x00000000c0000000,0x00000000e4941a50,0x00000000e4980000)
 Metaspace       used 70376K, committed 71872K, reserved 1114112K
  class space    used 7284K, committed 8000K, reserved 1048576K
}
Event: 468.520 GC heap after
{Heap after GC invocations=701 (full 3):
 PSYoungGen      total 2048K, used 512K [0x00000000eab00000, 0x00000000eae00000, 0x0000000100000000)
  eden space 1024K, 0% used [0x00000000eab00000,0x00000000eab00000,0x00000000eac00000)
  from space 1024K, 50% used [0x00000000ead00000,0x00000000ead80000,0x00000000eae00000)
  to   space 1024K, 0% used [0x00000000eac00000,0x00000000eac00000,0x00000000ead00000)
 ParOldGen       total 600064K, used 599782K [0x00000000c0000000, 0x00000000e4a00000, 0x00000000eab00000)
  object space 600064K, 99% used [0x00000000c0000000,0x00000000e49b9a50,0x00000000e4a00000)
 Metaspace       used 70376K, committed 71872K, reserved 1114112K
  class space    used 7284K, committed 8000K, reserved 1048576K
}
Event: 468.530 GC heap before
{Heap before GC invocations=702 (full 3):
 PSYoungGen      total 2048K, used 1536K [0x00000000eab00000, 0x00000000eae00000, 0x0000000100000000)
  eden space 1024K, 100% used [0x00000000eab00000,0x00000000eac00000,0x00000000eac00000)
  from space 1024K, 50% used [0x00000000ead00000,0x00000000ead80000,0x00000000eae00000)
  to   space 1024K, 0% used [0x00000000eac00000,0x00000000eac00000,0x00000000ead00000)
 ParOldGen       total 600064K, used 599782K [0x00000000c0000000, 0x00000000e4a00000, 0x00000000eab00000)
  object space 600064K, 99% used [0x00000000c0000000,0x00000000e49b9a50,0x00000000e4a00000)
 Metaspace       used 70376K, committed 71872K, reserved 1114112K
  class space    used 7284K, committed 8000K, reserved 1048576K
}
Event: 468.535 GC heap after
{Heap after GC invocations=702 (full 3):
 PSYoungGen      total 2048K, used 1024K [0x00000000eab00000, 0x00000000eaf80000, 0x0000000100000000)
  eden space 1024K, 0% used [0x00000000eab00000,0x00000000eab00000,0x00000000eac00000)
  from space 1024K, 100% used [0x00000000eac00000,0x00000000ead00000,0x00000000ead00000)
  to   space 1536K, 0% used [0x00000000eae00000,0x00000000eae00000,0x00000000eaf80000)
 ParOldGen       total 600576K, used 600262K [0x00000000c0000000, 0x00000000e4a80000, 0x00000000eab00000)
  object space 600576K, 99% used [0x00000000c0000000,0x00000000e4a31a50,0x00000000e4a80000)
 Metaspace       used 70376K, committed 71872K, reserved 1114112K
  class space    used 7284K, committed 8000K, reserved 1048576K
}
Event: 468.574 GC heap before
{Heap before GC invocations=703 (full 3):
 PSYoungGen      total 2048K, used 2048K [0x00000000eab00000, 0x00000000eaf80000, 0x0000000100000000)
  eden space 1024K, 100% used [0x00000000eab00000,0x00000000eac00000,0x00000000eac00000)
  from space 1024K, 100% used [0x00000000eac00000,0x00000000ead00000,0x00000000ead00000)
  to   space 1536K, 0% used [0x00000000eae00000,0x00000000eae00000,0x00000000eaf80000)
 ParOldGen       total 600576K, used 600262K [0x00000000c0000000, 0x00000000e4a80000, 0x00000000eab00000)
  object space 600576K, 99% used [0x00000000c0000000,0x00000000e4a31a50,0x00000000e4a80000)
 Metaspace       used 70380K, committed 71872K, reserved 1114112K
  class space    used 7284K, committed 8000K, reserved 1048576K
}
Event: 468.579 GC heap after
{Heap after GC invocations=703 (full 3):
 PSYoungGen      total 2048K, used 288K [0x00000000eab00000, 0x00000000eae80000, 0x0000000100000000)
  eden space 1536K, 0% used [0x00000000eab00000,0x00000000eab00000,0x00000000eac80000)
  from space 512K, 56% used [0x00000000eae00000,0x00000000eae48000,0x00000000eae80000)
  to   space 1024K, 0% used [0x00000000eac80000,0x00000000eac80000,0x00000000ead80000)
 ParOldGen       total 601600K, used 601254K [0x00000000c0000000, 0x00000000e4b80000, 0x00000000eab00000)
  object space 601600K, 99% used [0x00000000c0000000,0x00000000e4b29a50,0x00000000e4b80000)
 Metaspace       used 70380K, committed 71872K, reserved 1114112K
  class space    used 7284K, committed 8000K, reserved 1048576K
}
Event: 468.730 GC heap before
{Heap before GC invocations=704 (full 3):
 PSYoungGen      total 2048K, used 1824K [0x00000000eab00000, 0x00000000eae80000, 0x0000000100000000)
  eden space 1536K, 100% used [0x00000000eab00000,0x00000000eac80000,0x00000000eac80000)
  from space 512K, 56% used [0x00000000eae00000,0x00000000eae48000,0x00000000eae80000)
  to   space 1024K, 0% used [0x00000000eac80000,0x00000000eac80000,0x00000000ead80000)
 ParOldGen       total 601600K, used 601254K [0x00000000c0000000, 0x00000000e4b80000, 0x00000000eab00000)
  object space 601600K, 99% used [0x00000000c0000000,0x00000000e4b29a50,0x00000000e4b80000)
 Metaspace       used 70390K, committed 71872K, reserved 1114112K
  class space    used 7285K, committed 8000K, reserved 1048576K
}
Event: 468.735 GC heap after
{Heap after GC invocations=704 (full 3):
 PSYoungGen      total 2560K, used 128K [0x00000000eab00000, 0x00000000eae80000, 0x0000000100000000)
  eden space 1536K, 0% used [0x00000000eab00000,0x00000000eab00000,0x00000000eac80000)
  from space 1024K, 12% used [0x00000000eac80000,0x00000000eaca0000,0x00000000ead80000)
  to   space 512K, 0% used [0x00000000eae00000,0x00000000eae00000,0x00000000eae80000)
 ParOldGen       total 601600K, used 601446K [0x00000000c0000000, 0x00000000e4b80000, 0x00000000eab00000)
  object space 601600K, 99% used [0x00000000c0000000,0x00000000e4b59a50,0x00000000e4b80000)
 Metaspace       used 70390K, committed 71872K, reserved 1114112K
  class space    used 7285K, committed 8000K, reserved 1048576K
}
Event: 468.769 GC heap before
{Heap before GC invocations=705 (full 3):
 PSYoungGen      total 2560K, used 1664K [0x00000000eab00000, 0x00000000eae80000, 0x0000000100000000)
  eden space 1536K, 100% used [0x00000000eab00000,0x00000000eac80000,0x00000000eac80000)
  from space 1024K, 12% used [0x00000000eac80000,0x00000000eaca0000,0x00000000ead80000)
  to   space 512K, 0% used [0x00000000eae00000,0x00000000eae00000,0x00000000eae80000)
 ParOldGen       total 601600K, used 601446K [0x00000000c0000000, 0x00000000e4b80000, 0x00000000eab00000)
  object space 601600K, 99% used [0x00000000c0000000,0x00000000e4b59a50,0x00000000e4b80000)
 Metaspace       used 70391K, committed 71872K, reserved 1114112K
  class space    used 7285K, committed 8000K, reserved 1048576K
}
Event: 468.775 GC heap after
{Heap after GC invocations=705 (full 3):
 PSYoungGen      total 2048K, used 481K [0x00000000eab00000, 0x00000000eaf80000, 0x0000000100000000)
  eden space 1536K, 0% used [0x00000000eab00000,0x00000000eab00000,0x00000000eac80000)
  from space 512K, 94% used [0x00000000eae00000,0x00000000eae78608,0x00000000eae80000)
  to   space 1536K, 0% used [0x00000000eac80000,0x00000000eac80000,0x00000000eae00000)
 ParOldGen       total 602624K, used 602189K [0x00000000c0000000, 0x00000000e4c80000, 0x00000000eab00000)
  object space 602624K, 99% used [0x00000000c0000000,0x00000000e4c134e8,0x00000000e4c80000)
 Metaspace       used 70391K, committed 71872K, reserved 1114112K
  class space    used 7285K, committed 8000K, reserved 1048576K
}
Event: 468.800 GC heap before
{Heap before GC invocations=706 (full 3):
 PSYoungGen      total 2048K, used 2017K [0x00000000eab00000, 0x00000000eaf80000, 0x0000000100000000)
  eden space 1536K, 100% used [0x00000000eab00000,0x00000000eac80000,0x00000000eac80000)
  from space 512K, 94% used [0x00000000eae00000,0x00000000eae78608,0x00000000eae80000)
  to   space 1536K, 0% used [0x00000000eac80000,0x00000000eac80000,0x00000000eae00000)
 ParOldGen       total 602624K, used 602189K [0x00000000c0000000, 0x00000000e4c80000, 0x00000000eab00000)
  object space 602624K, 99% used [0x00000000c0000000,0x00000000e4c134e8,0x00000000e4c80000)
 Metaspace       used 70391K, committed 71872K, reserved 1114112K
  class space    used 7285K, committed 8000K, reserved 1048576K
}
Event: 468.806 GC heap after
{Heap after GC invocations=706 (full 3):
 PSYoungGen      total 3072K, used 1504K [0x00000000eab00000, 0x00000000eb080000, 0x0000000100000000)
  eden space 1536K, 0% used [0x00000000eab00000,0x00000000eab00000,0x00000000eac80000)
  from space 1536K, 97% used [0x00000000eac80000,0x00000000eadf8000,0x00000000eae00000)
  to   space 2048K, 0% used [0x00000000eae80000,0x00000000eae80000,0x00000000eb080000)
 ParOldGen       total 603136K, used 602686K [0x00000000c0000000, 0x00000000e4d00000, 0x00000000eab00000)
  object space 603136K, 99% used [0x00000000c0000000,0x00000000e4c8faf0,0x00000000e4d00000)
 Metaspace       used 70391K, committed 71872K, reserved 1114112K
  class space    used 7285K, committed 8000K, reserved 1048576K
}
Event: 468.847 GC heap before
{Heap before GC invocations=707 (full 3):
 PSYoungGen      total 3072K, used 3040K [0x00000000eab00000, 0x00000000eb080000, 0x0000000100000000)
  eden space 1536K, 100% used [0x00000000eab00000,0x00000000eac80000,0x00000000eac80000)
  from space 1536K, 97% used [0x00000000eac80000,0x00000000eadf8000,0x00000000eae00000)
  to   space 2048K, 0% used [0x00000000eae80000,0x00000000eae80000,0x00000000eb080000)
 ParOldGen       total 603136K, used 602686K [0x00000000c0000000, 0x00000000e4d00000, 0x00000000eab00000)
  object space 603136K, 99% used [0x00000000c0000000,0x00000000e4c8faf0,0x00000000e4d00000)
 Metaspace       used 70391K, committed 71872K, reserved 1114112K
  class space    used 7285K, committed 8000K, reserved 1048576K
}
Event: 468.854 GC heap after
{Heap after GC invocations=707 (full 3):
 PSYoungGen      total 3072K, used 1344K [0x00000000eab00000, 0x00000000eb000000, 0x0000000100000000)
  eden space 1536K, 0% used [0x00000000eab00000,0x00000000eab00000,0x00000000eac80000)
  from space 1536K, 87% used [0x00000000eae80000,0x00000000eafd0020,0x00000000eb000000)
  to   space 1536K, 0% used [0x00000000eac80000,0x00000000eac80000,0x00000000eae00000)
 ParOldGen       total 604672K, used 604174K [0x00000000c0000000, 0x00000000e4e80000, 0x00000000eab00000)
  object space 604672K, 99% used [0x00000000c0000000,0x00000000e4e03af0,0x00000000e4e80000)
 Metaspace       used 70391K, committed 71872K, reserved 1114112K
  class space    used 7285K, committed 8000K, reserved 1048576K
}
Event: 468.964 GC heap before
{Heap before GC invocations=708 (full 3):
 PSYoungGen      total 3072K, used 2880K [0x00000000eab00000, 0x00000000eb000000, 0x0000000100000000)
  eden space 1536K, 100% used [0x00000000eab00000,0x00000000eac80000,0x00000000eac80000)
  from space 1536K, 87% used [0x00000000eae80000,0x00000000eafd0020,0x00000000eb000000)
  to   space 1536K, 0% used [0x00000000eac80000,0x00000000eac80000,0x00000000eae00000)
 ParOldGen       total 604672K, used 604174K [0x00000000c0000000, 0x00000000e4e80000, 0x00000000eab00000)
  object space 604672K, 99% used [0x00000000c0000000,0x00000000e4e03af0,0x00000000e4e80000)
 Metaspace       used 70397K, committed 71872K, reserved 1114112K
  class space    used 7285K, committed 8000K, reserved 1048576K
}
Event: 468.969 GC heap after
{Heap after GC invocations=708 (full 3):
 PSYoungGen      total 3072K, used 448K [0x00000000eab00000, 0x00000000eaf00000, 0x0000000100000000)
  eden space 1536K, 0% used [0x00000000eab00000,0x00000000eab00000,0x00000000eac80000)
  from space 1536K, 29% used [0x00000000eac80000,0x00000000eacf0000,0x00000000eae00000)
  to   space 1024K, 0% used [0x00000000eae00000,0x00000000eae00000,0x00000000eaf00000)
 ParOldGen       total 605696K, used 605414K [0x00000000c0000000, 0x00000000e4f80000, 0x00000000eab00000)
  object space 605696K, 99% used [0x00000000c0000000,0x00000000e4f39af0,0x00000000e4f80000)
 Metaspace       used 70397K, committed 71872K, reserved 1114112K
  class space    used 7285K, committed 8000K, reserved 1048576K
}

